<?xml version="1.0" encoding="UTF-8"?>
<testsuite xmlns:xsi="http://www.w3.org/2001/XMLSchema-instance" xsi:noNamespaceSchemaLocation="https://maven.apache.org/surefire/maven-surefire-plugin/xsd/surefire-test-report-3.0.xsd" version="3.0" name="flightapp.FlightServiceTest" time="16.865" tests="1" errors="0" skipped="0" failures="1">
  <properties>
    <property name="java.specification.version" value="13"/>
    <property name="test.cases" value="cases/transaction/book/book_2users2flights.txt"/>
    <property name="sun.jnu.encoding" value="UTF-8"/>
    <property name="java.class.path" value="/Users/aaa/Desktop/CSE_344_Data_Management/hw5/target/test-classes:/Users/aaa/Desktop/CSE_344_Data_Management/hw5/target/classes:/Users/aaa/.m2/repository/junit/junit/4.13/junit-4.13.jar:/Users/aaa/.m2/repository/org/hamcrest/hamcrest-core/1.3/hamcrest-core-1.3.jar:/Users/aaa/.m2/repository/com/microsoft/sqlserver/mssql-jdbc/8.2.0.jre11/mssql-jdbc-8.2.0.jre11.jar:/Users/aaa/.m2/repository/org/mybatis/mybatis/3.5.4/mybatis-3.5.4.jar:"/>
    <property name="java.vm.vendor" value="Oracle Corporation"/>
    <property name="sun.arch.data.model" value="64"/>
    <property name="java.vendor.url" value="https://openjdk.java.net/"/>
    <property name="os.name" value="Mac OS X"/>
    <property name="java.vm.specification.version" value="13"/>
    <property name="sun.java.launcher" value="SUN_STANDARD"/>
    <property name="user.country" value="CN"/>
    <property name="sun.boot.library.path" value="/usr/local/Cellar/openjdk/13.0.2+8_2/libexec/openjdk.jdk/Contents/Home/lib"/>
    <property name="sun.java.command" value="/Users/aaa/Desktop/CSE_344_Data_Management/hw5/target/surefire/surefirebooter15016536476419241425.jar /Users/aaa/Desktop/CSE_344_Data_Management/hw5/target/surefire 2020-06-22T21-23-59_877-jvmRun1 surefire1635546753855675987tmp surefire_04557836052805414259tmp"/>
    <property name="http.nonProxyHosts" value="local|*.local|169.254/16|*.169.254/16"/>
    <property name="jdk.debug" value="release"/>
    <property name="surefire.test.class.path" value="/Users/aaa/Desktop/CSE_344_Data_Management/hw5/target/test-classes:/Users/aaa/Desktop/CSE_344_Data_Management/hw5/target/classes:/Users/aaa/.m2/repository/junit/junit/4.13/junit-4.13.jar:/Users/aaa/.m2/repository/org/hamcrest/hamcrest-core/1.3/hamcrest-core-1.3.jar:/Users/aaa/.m2/repository/com/microsoft/sqlserver/mssql-jdbc/8.2.0.jre11/mssql-jdbc-8.2.0.jre11.jar:/Users/aaa/.m2/repository/org/mybatis/mybatis/3.5.4/mybatis-3.5.4.jar:"/>
    <property name="sun.cpu.endian" value="little"/>
    <property name="user.home" value="/Users/aaa"/>
    <property name="user.language" value="en"/>
    <property name="java.specification.vendor" value="Oracle Corporation"/>
    <property name="java.version.date" value="2020-01-14"/>
    <property name="java.home" value="/usr/local/Cellar/openjdk/13.0.2+8_2/libexec/openjdk.jdk/Contents/Home"/>
    <property name="file.separator" value="/"/>
    <property name="basedir" value="/Users/aaa/Desktop/CSE_344_Data_Management/hw5"/>
    <property name="java.vm.compressedOopsMode" value="Zero based"/>
    <property name="line.separator" value="&#10;"/>
    <property name="java.specification.name" value="Java Platform API Specification"/>
    <property name="java.vm.specification.vendor" value="Oracle Corporation"/>
    <property name="surefire.real.class.path" value="/Users/aaa/Desktop/CSE_344_Data_Management/hw5/target/surefire/surefirebooter15016536476419241425.jar"/>
    <property name="sun.management.compiler" value="HotSpot 64-Bit Tiered Compilers"/>
    <property name="ftp.nonProxyHosts" value="local|*.local|169.254/16|*.169.254/16"/>
    <property name="java.runtime.version" value="13.0.2+8"/>
    <property name="user.name" value="Elenore"/>
    <property name="path.separator" value=":"/>
    <property name="os.version" value="10.14.6"/>
    <property name="java.runtime.name" value="OpenJDK Runtime Environment"/>
    <property name="file.encoding" value="UTF-8"/>
    <property name="java.vm.name" value="OpenJDK 64-Bit Server VM"/>
    <property name="localRepository" value="/Users/aaa/.m2/repository"/>
    <property name="java.vendor.url.bug" value="https://bugreport.java.com/bugreport/"/>
    <property name="java.io.tmpdir" value="/var/folders/cf/dy77_k0s5bn48tfyprd3wsk80000gn/T/"/>
    <property name="java.version" value="13.0.2"/>
    <property name="user.dir" value="/Users/aaa/Desktop/CSE_344_Data_Management/hw5"/>
    <property name="os.arch" value="x86_64"/>
    <property name="java.vm.specification.name" value="Java Virtual Machine Specification"/>
    <property name="java.library.path" value="/Users/aaa/Library/Java/Extensions:/Library/Java/Extensions:/Network/Library/Java/Extensions:/System/Library/Java/Extensions:/usr/lib/java:."/>
    <property name="java.vm.info" value="mixed mode, sharing"/>
    <property name="java.vendor" value="N/A"/>
    <property name="java.vm.version" value="13.0.2+8"/>
    <property name="sun.io.unicode.encoding" value="UnicodeBig"/>
    <property name="socksNonProxyHosts" value="local|*.local|169.254/16|*.169.254/16"/>
    <property name="java.class.version" value="57.0"/>
  </properties>
  <testcase name="runTest[0]" classname="flightapp.FlightServiceTest" time="11.926">
    <failure message="Failed: actual outputs for /Users/aaa/Desktop/CSE_344_Data_Management/hw5/cases/transaction/book/book_2users2flights.txt were: &#10;[Created user user1&#10;Logged in as user1&#10;Itinerary 0: 1 flight(s), 297 minutes&#10;ID: 60454 Day: 1 Carrier: AS Number: 24 Origin: Seattle WA Dest: Boston MA Duration: 297 Capacity: 14 Price: 140&#10;Booking failed&#10;Goodbye&#10;, Created user user2&#10;Logged in as user2&#10;Itinerary 0: 1 flight(s), 299 minutes&#10;ID: 720462 Day: 2 Carrier: B6 Number: 498 Origin: Seattle WA Dest: Boston MA Duration: 299 Capacity: 18 Price: 838&#10;Booked flight(s), reservation ID: 1&#10;Goodbye&#10;]&#10;&#10;Possible outcomes were: &#10;===== Outcome 0 =====&#10;[Created user user1&#10;Logged in as user1&#10;Itinerary 0: 1 flight(s), 297 minutes&#10;ID: 60454 Day: 1 Carrier: AS Number: 24 Origin: Seattle WA Dest: Boston MA Duration: 297 Capacity: 14 Price: 140&#10;Booked flight(s), reservation ID: 1&#10;Goodbye&#10;, Created user user2&#10;Logged in as user2&#10;Itinerary 0: 1 flight(s), 299 minutes&#10;ID: 720462 Day: 2 Carrier: B6 Number: 498 Origin: Seattle WA Dest: Boston MA Duration: 299 Capacity: 18 Price: 838&#10;Booked flight(s), reservation ID: 2&#10;Goodbye&#10;]&#10;===== Outcome 1 =====&#10;[Created user user1&#10;Logged in as user1&#10;Itinerary 0: 1 flight(s), 297 minutes&#10;ID: 60454 Day: 1 Carrier: AS Number: 24 Origin: Seattle WA Dest: Boston MA Duration: 297 Capacity: 14 Price: 140&#10;Booked flight(s), reservation ID: 2&#10;Goodbye&#10;, Created user user2&#10;Logged in as user2&#10;Itinerary 0: 1 flight(s), 299 minutes&#10;ID: 720462 Day: 2 Carrier: B6 Number: 498 Origin: Seattle WA Dest: Boston MA Duration: 299 Capacity: 18 Price: 838&#10;Booked flight(s), reservation ID: 1&#10;Goodbye&#10;]&#10;" type="java.lang.AssertionError"><![CDATA[java.lang.AssertionError: 
Failed: actual outputs for /Users/aaa/Desktop/CSE_344_Data_Management/hw5/cases/transaction/book/book_2users2flights.txt were: 
[Created user user1
Logged in as user1
Itinerary 0: 1 flight(s), 297 minutes
ID: 60454 Day: 1 Carrier: AS Number: 24 Origin: Seattle WA Dest: Boston MA Duration: 297 Capacity: 14 Price: 140
Booking failed
Goodbye
, Created user user2
Logged in as user2
Itinerary 0: 1 flight(s), 299 minutes
ID: 720462 Day: 2 Carrier: B6 Number: 498 Origin: Seattle WA Dest: Boston MA Duration: 299 Capacity: 18 Price: 838
Booked flight(s), reservation ID: 1
Goodbye
]

Possible outcomes were: 
===== Outcome 0 =====
[Created user user1
Logged in as user1
Itinerary 0: 1 flight(s), 297 minutes
ID: 60454 Day: 1 Carrier: AS Number: 24 Origin: Seattle WA Dest: Boston MA Duration: 297 Capacity: 14 Price: 140
Booked flight(s), reservation ID: 1
Goodbye
, Created user user2
Logged in as user2
Itinerary 0: 1 flight(s), 299 minutes
ID: 720462 Day: 2 Carrier: B6 Number: 498 Origin: Seattle WA Dest: Boston MA Duration: 299 Capacity: 18 Price: 838
Booked flight(s), reservation ID: 2
Goodbye
]
===== Outcome 1 =====
[Created user user1
Logged in as user1
Itinerary 0: 1 flight(s), 297 minutes
ID: 60454 Day: 1 Carrier: AS Number: 24 Origin: Seattle WA Dest: Boston MA Duration: 297 Capacity: 14 Price: 140
Booked flight(s), reservation ID: 2
Goodbye
, Created user user2
Logged in as user2
Itinerary 0: 1 flight(s), 299 minutes
ID: 720462 Day: 2 Carrier: B6 Number: 498 Origin: Seattle WA Dest: Boston MA Duration: 299 Capacity: 18 Price: 838
Booked flight(s), reservation ID: 1
Goodbye
]

	at flightapp.FlightServiceTest.runTest(FlightServiceTest.java:282)
]]></failure>
    <system-out><![CDATA[running setup
running test scenario: /Users/aaa/Desktop/CSE_344_Data_Management/hw5/cases/transaction/book/book_2users2flights.txt
failed
]]></system-out>
    <system-err><![CDATA[com.microsoft.sqlserver.jdbc.SQLServerException: Transaction (Process ID 52) was deadlocked on lock resources with another process and has been chosen as the deadlock victim. Rerun the transaction.
	at com.microsoft.sqlserver.jdbc.SQLServerException.makeFromDatabaseError(SQLServerException.java:262)
	at com.microsoft.sqlserver.jdbc.SQLServerStatement.getNextResult(SQLServerStatement.java:1632)
	at com.microsoft.sqlserver.jdbc.SQLServerPreparedStatement.doExecutePreparedStatement(SQLServerPreparedStatement.java:600)
	at com.microsoft.sqlserver.jdbc.SQLServerPreparedStatement$PrepStmtExecCmd.doExecute(SQLServerPreparedStatement.java:522)
	at com.microsoft.sqlserver.jdbc.TDSCommand.execute(IOBuffer.java:7225)
	at com.microsoft.sqlserver.jdbc.SQLServerConnection.executeCommand(SQLServerConnection.java:3053)
	at com.microsoft.sqlserver.jdbc.SQLServerStatement.executeCommand(SQLServerStatement.java:247)
	at com.microsoft.sqlserver.jdbc.SQLServerStatement.executeStatement(SQLServerStatement.java:222)
	at com.microsoft.sqlserver.jdbc.SQLServerPreparedStatement.executeUpdate(SQLServerPreparedStatement.java:471)
	at flightapp.Query.transaction_book(Query.java:536)
	at flightapp.FlightService.execute(FlightService.java:67)
	at flightapp.FlightServiceTest$User.call(FlightServiceTest.java:78)
	at flightapp.FlightServiceTest$User.call(FlightServiceTest.java:59)
	at java.base/java.util.concurrent.FutureTask.run(FutureTask.java:264)
	at java.base/java.util.concurrent.ThreadPoolExecutor.runWorker(ThreadPoolExecutor.java:1128)
	at java.base/java.util.concurrent.ThreadPoolExecutor$Worker.run(ThreadPoolExecutor.java:628)
	at java.base/java.lang.Thread.run(Thread.java:830)
com.microsoft.sqlserver.jdbc.SQLServerException: Violation of PRIMARY KEY constraint 'PK__RESERVAT__31384C2961D912CE'. Cannot insert duplicate key in object 'dbo.RESERVATIONS'. The duplicate key value is (1).
	at com.microsoft.sqlserver.jdbc.SQLServerException.makeFromDatabaseError(SQLServerException.java:262)
	at com.microsoft.sqlserver.jdbc.SQLServerStatement.getNextResult(SQLServerStatement.java:1632)
	at com.microsoft.sqlserver.jdbc.SQLServerPreparedStatement.doExecutePreparedStatement(SQLServerPreparedStatement.java:600)
	at com.microsoft.sqlserver.jdbc.SQLServerPreparedStatement$PrepStmtExecCmd.doExecute(SQLServerPreparedStatement.java:522)
	at com.microsoft.sqlserver.jdbc.TDSCommand.execute(IOBuffer.java:7225)
	at com.microsoft.sqlserver.jdbc.SQLServerConnection.executeCommand(SQLServerConnection.java:3053)
	at com.microsoft.sqlserver.jdbc.SQLServerStatement.executeCommand(SQLServerStatement.java:247)
	at com.microsoft.sqlserver.jdbc.SQLServerStatement.executeStatement(SQLServerStatement.java:222)
	at com.microsoft.sqlserver.jdbc.SQLServerPreparedStatement.executeUpdate(SQLServerPreparedStatement.java:471)
	at flightapp.Query.transaction_book(Query.java:536)
	at flightapp.FlightService.execute(FlightService.java:67)
	at flightapp.FlightServiceTest$User.call(FlightServiceTest.java:78)
	at flightapp.FlightServiceTest$User.call(FlightServiceTest.java:59)
	at java.base/java.util.concurrent.FutureTask.run(FutureTask.java:264)
	at java.base/java.util.concurrent.ThreadPoolExecutor.runWorker(ThreadPoolExecutor.java:1128)
	at java.base/java.util.concurrent.ThreadPoolExecutor$Worker.run(ThreadPoolExecutor.java:628)
	at java.base/java.lang.Thread.run(Thread.java:830)
]]></system-err>
  </testcase>
</testsuite>